(NOACCESS)     Darkgoth       Sat Jan 10 05:39:39 1998      
(ADD)          Darkgoth       Sat Jan 10 05:44:23 1998      
(REMOVE)       Darkgoth       Sat Jan 10 06:08:37 1998      
(BANN)         Darkgoth       Sat Jan 10 06:08:37 1998      
(ADD)          Kama           Sun Jan 11 17:50:42 1998      
(NOACCESS)     Dilligaf       Tue Jan 13 18:25:20 1998      
(ADD)          Dilligaf       Tue Jan 13 18:27:14 1998      
(SCREENED)     Dilligaf       Thu Jan 15 04:25:00 1998      
(NOACCESS)     Darkgoth       Mon Jan 19 03:50:42 1998      
(UNBAN)        Darkgoth       Mon Jan 19 03:51:40 1998      
(ADD)          Darkgoth       Mon Jan 19 03:51:40 1998      
(NOACCESS)     Boggle         Wed Jan 21 02:26:19 1998      
(ADD)          Guest          Thu Jan 22 03:06:39 1998      
(EJECT)        Dilligaf       Sun Jan 25 06:15:31 1998      
(REMOVE)       Dilligaf       Sun Jan 25 06:15:31 1998      
(BANN)         Dilligaf       Sun Jan 25 06:15:31 1998      
(NOACCESS)     Dilligaf       Sun Jan 25 06:16:37 1998      
(UNBAN)        Dilligaf       Sun Jan 25 06:17:05 1998      
(ADD)          Dilligaf       Sun Jan 25 06:17:05 1998      
(EJECT)        Nightmask      Sun Jan 25 07:17:24 1998      
(BANN)         Nightmask      Sun Jan 25 07:17:24 1998      
(EJECT)        Darkgoth       Tue Jan 27 01:32:12 1998      
(REMOVE)       Darkgoth       Tue Jan 27 01:32:12 1998      
(BANN)         Darkgoth       Tue Jan 27 01:32:12 1998      
(NOACCESS)     Darkgoth       Wed Jan 28 01:53:58 1998      
(UNBAN)        Darkgoth       Wed Jan 28 01:54:14 1998      
(ADD)          Darkgoth       Wed Jan 28 01:54:14 1998      
(ADD)          Pagan          Wed Jan 28 03:36:12 1998      
(SCREENED)     Darkgoth       Fri Jan 30 01:56:17 1998      
(SCREENED)     Darkgoth       Sat Feb  7 02:39:01 1998      
(ADD)          Moltar         Mon Feb  9 04:45:54 1998      
(NOACCESS)     Iuz            Mon Feb  9 13:04:53 1998      
(ADD)          Corsair        Fri Feb 20 14:26:22 1998      
(ADD)          Byteme         Fri Mar 13 04:57:19 1998      
