(BANN)         Doomblade      Tue Sep 16 16:00:38 1997      
(NOACCESS)     Penumbra       Tue Sep 16 16:00:40 1997      
(NOACCESS)     Penumbra       Tue Sep 16 16:00:50 1997      
(NOACCESS)     Dilligaf       Tue Sep 16 16:00:54 1997      
(ADD)          Penumbra       Tue Sep 16 16:01:16 1997      
(SCREENED)     Penumbra       Tue Sep 16 16:01:24 1997      
(ADD)          Dilligaf       Tue Sep 16 16:01:40 1997      
(ADD)          Nightmask      Wed Sep 17 03:10:19 1997      
(ADD)          Lzarion        Wed Sep 17 03:10:33 1997      
(REMOVE)       Lzarion        Wed Sep 17 03:10:57 1997      
(ADD)          Ilzarion       Wed Sep 17 03:11:13 1997      
(REMOVE)       Penumbra       Wed Sep 17 03:11:53 1997      
(BANN)         Darkdaemon     Wed Sep 17 03:14:33 1997      
(NOACCESS)     Darkdaemon     Wed Sep 17 03:14:37 1997      
(NOACCESS)     Doomblade      Mon Sep 22 14:22:47 1997      
(NOACCESS)     Doomblade      Tue Sep 23 13:12:22 1997      
(ADD)          Cyanide        Wed Sep 24 07:41:26 1997      
(NOACCESS)     Doomblade      Mon Sep 29 07:37:27 1997      
(NOACCESS)     Doomblade      Mon Sep 29 18:22:03 1997      
(NOACCESS)     Doomblade      Mon Sep 29 18:26:51 1997      
(UNBAN)        Doomblade      Mon Sep 29 18:27:13 1997      
(ADD)          Doomblade      Mon Sep 29 18:27:13 1997      
(EJECT)        Doomblade      Mon Sep 29 18:34:21 1997      
(REMOVE)       Doomblade      Mon Sep 29 18:34:21 1997      
(BANN)         Doomblade      Mon Sep 29 18:34:21 1997      
(NOACCESS)     Doomblade      Mon Sep 29 18:34:43 1997      
(NOACCESS)     Doomblade      Mon Sep 29 19:02:49 1997      
(NOACCESS)     Minx           Wed Jan  7 04:24:40 1998      
(NOACCESS)     Minx           Wed Jan  7 05:18:02 1998      
(NOACCESS)     Minx           Sat Jan 10 04:54:01 1998      
(SECURITY)     Nightmask      Sat Jan 10 04:54:17 1998      guest add minx
(ADD)          Minx           Sat Jan 10 04:54:35 1998      
(REMOVE)       Minx           Sat Jan 10 05:45:19 1998      
(BANN)         Minx           Sat Jan 10 05:45:19 1998      
(ADD)          Death          Mon Jan 12 00:46:00 1998      
(SCREENED)     Death          Mon Jan 12 00:46:00 1998      
(REMOVE)       Death          Mon Jan 12 01:06:36 1998      
(BANN)         Death          Mon Jan 12 01:06:36 1998      
(UNBAN)        Death          Mon Jan 12 01:34:30 1998      
(ADD)          Death          Mon Jan 12 01:34:30 1998      
(ADD)          Darkblade      Mon Jan 12 05:02:38 1998      
(ADD)          Minx           Mon Jan 19 05:01:31 1998      
(ADD)          Grakk          Tue Jan 27 01:07:19 1998      
(NOACCESS)     Grakk          Tue Jan 27 01:08:47 1998      
(NOACCESS)     Grakk          Tue Jan 27 01:09:41 1998      
(NOACCESS)     Lothar         Tue Jan 27 01:11:17 1998      
(NOACCESS)     Lothar         Tue Jan 27 01:29:24 1998      
(NOACCESS)     Grakk          Tue Jan 27 02:05:02 1998      
(ADD)          Darkgoth       Mon Feb  2 05:48:22 1998      
(ADD)          Thetick        Mon Feb  2 22:41:15 1998      
(UNBAN)        Darkdaemon     Mon Feb  2 23:03:29 1998      
(ADD)          Darkdaemon     Mon Feb  2 23:03:29 1998      
(ADD)          Moltar         Sat Feb  7 03:04:41 1998      
(ADD)          Darkangel      Tue Feb 17 15:58:17 1998      
(REMOVE)       Dilligaf       Sun Mar  8 00:59:12 1998      
(BANN)         Dilligaf       Sun Mar  8 00:59:12 1998      
(BANN)         Darkblade      Sun Mar  8 00:59:28 1998      
(REMOVE)       Thetick        Sun Mar  8 00:59:36 1998      
(BANN)         Thetick        Sun Mar  8 00:59:36 1998      
(REMOVE)       Darkangel      Sun Mar  8 00:59:54 1998      
(UNBAN)        Doomblade      Sun Mar  8 01:02:03 1998      
(ADD)          Doomblade      Sun Mar  8 01:02:03 1998      
(UNBAN)        Minx           Sun Mar  8 01:02:09 1998      
(ADD)          Minx           Sun Mar  8 01:02:09 1998      
(ADD)          Dilligaf       Sun Mar  8 01:02:17 1998      
(UNBAN)        Thetick        Sun Mar  8 01:02:27 1998      
(ADD)          Thetick        Sun Mar  8 01:02:27 1998      
(REMOVE)       Doomblade      Sun Mar  8 01:02:37 1998      
(REMOVE)       Minx           Sun Mar  8 01:02:43 1998      
(REMOVE)       Dilligaf       Sun Mar  8 01:02:49 1998      
(REMOVE)       Darkblade      Sun Mar  8 01:02:53 1998      
(REMOVE)       Thetick        Sun Mar  8 01:02:57 1998      
(REMOVE)       Moltar         Sun Mar  8 01:03:05 1998      
(REMOVE)       Darkdaemon     Sun Mar  8 01:03:09 1998      
(ADD)          Dilligaf       Sun Mar  8 01:05:19 1998      
(ADD)          Darkblade      Sun Mar  8 01:05:23 1998      
(REMOVE)       Darkblade      Sun Mar  8 01:05:33 1998      
(REMOVE)       Dilligaf       Sun Mar  8 01:05:43 1998      
(NOACCESS)     Minx           Sun Mar  8 01:09:45 1998      
(NOACCESS)     Moltar         Sun Mar  8 04:00:34 1998      
(ADD)          Minx           Sun Mar  8 04:31:08 1998      
(ADD)          Byteme         Fri Mar 13 05:33:57 1998      
(NOACCESS)     Kyako          Wed Mar 18 13:10:15 1998      
(SECURITY)     Cyanide        Wed Mar 18 13:12:05 1998      guest list
(ADD)          Kyako          Wed Mar 18 13:12:33 1998      
(SCREENED)     Kyako          Wed Mar 18 13:15:20 1998      
(SCREENED)     Kyako          Wed Mar 18 23:05:19 1998      
(SCREENED)     Kyako          Wed Mar 18 23:07:49 1998      
(REMOVE)       Kyako          Sun Mar 22 23:31:13 1998      
(BANN)         Kyako          Sun Mar 22 23:31:13 1998      
(NOACCESS)     Kyako          Sun Mar 22 23:33:05 1998      
(UNBAN)        Kyako          Mon Mar 23 03:59:41 1998      
(ADD)          Kyako          Mon Mar 23 03:59:41 1998      
(SCREENED)     Kyako          Mon Mar 23 03:59:45 1998      
(REMOVE)       Kyako          Mon Mar 23 20:39:50 1998      
(BANN)         Kyako          Mon Mar 23 20:39:50 1998      
(NOACCESS)     Kyako          Mon Mar 23 20:45:00 1998      
(NOACCESS)     Kyako          Mon Mar 23 20:45:26 1998      
(NOACCESS)     Kyako          Mon Mar 23 20:45:30 1998      
(NOACCESS)     Kyako          Mon Mar 23 20:45:42 1998      
(NOACCESS)     Kyako          Mon Mar 23 20:59:08 1998      
(NOACCESS)     Kyako          Fri Mar 27 00:28:19 1998      
(NOACCESS)     Kyako          Fri Mar 27 01:09:28 1998      
(NOACCESS)     Kyako          Fri Mar 27 01:09:42 1998      
(UNBAN)        Kyako          Fri Mar 27 01:09:44 1998      
(ADD)          Kyako          Fri Mar 27 01:09:44 1998      
(SCREENED)     Kyako          Fri Mar 27 01:09:52 1998      
(SECURITY)     Kyako          Fri Mar 27 01:46:24 1998      guest help
(NOACCESS)     Darkangel      Fri Mar 27 03:20:53 1998      
(NOACCESS)     Drall          Fri Mar 27 03:21:07 1998      
(ADD)          Darkangel      Fri Mar 27 03:21:31 1998      
(ADD)          Drall          Fri Mar 27 03:21:53 1998      
