(SECURITY)     Cyanide        Wed Jul  9 14:46:57 1997      guest list
(ADD)          Cyanide        Wed Jul  9 14:47:45 1997      
(NOACCESS)     Penumbra       Wed Jul  9 14:50:59 1997      
(ADD)          Penumbra       Wed Jul  9 14:51:17 1997      
(SCREENED)     Penumbra       Wed Jul  9 14:51:25 1997      
(EJECT)        Cyanide        Wed Jul  9 14:56:15 1997      
(REMOVE)       Cyanide        Wed Jul  9 14:56:15 1997      
(BANN)         Cyanide        Wed Jul  9 14:56:15 1997      
(UNBAN)        Cyanide        Wed Jul  9 14:56:35 1997      
(ADD)          Cyanide        Wed Jul  9 14:56:35 1997      
(ADD)          Sweetleaf      Thu Jul 10 11:20:54 1997      
(NOACCESS)     Oblivion       Mon Jul 14 20:28:47 1997      
(NOACCESS)     Oblivion       Mon Jul 14 20:31:33 1997      
(NOACCESS)     Oblivion       Mon Jul 14 21:01:02 1997      
(ADD)          Oblivion       Mon Jul 14 21:58:12 1997      
(REMOVE)       Oblivion       Mon Jul 14 22:00:46 1997      
(BANN)         Oblivion       Mon Jul 14 22:00:46 1997      
(UNBAN)        Oblivion       Mon Jul 14 22:01:30 1997      
(ADD)          Oblivion       Mon Jul 14 22:01:30 1997      
(SECURITY)     Cyanide        Mon Jul 14 22:01:32 1997      guest list
(NOACCESS)     Draconis       Tue Jul 15 00:57:42 1997      
(ADD)          Phantom        Tue Jul 15 15:31:32 1997      
(ADD)          Norseman       Thu Jul 17 18:34:04 1997      
(ADD)          Pinkie         Thu Jul 17 19:23:43 1997      
(SECURITY)     Nightmask      Wed Jul 23 21:49:11 1997      guest list
(NOACCESS)     Tattoogirl     Tue Aug 26 03:16:53 1997      
(ADD)          Tattoogirl     Tue Aug 26 03:17:15 1997      
(ADD)          Entropy        Tue Aug 26 03:27:27 1997      
(ADD)          Sith           Mon Sep  1 02:17:07 1997      
