(ADD)          Chance         Fri May 21 16:25:37 1999      
(ADD)          Chance         Fri May 21 16:26:53 1999      
(ADD)          Spooner        Fri May 21 16:53:57 1999      
(EJECT)        Chance         Fri May 21 17:08:11 1999      
(REMOVE)       Chance         Fri May 21 17:08:11 1999      
(BANN)         Chance         Fri May 21 17:08:11 1999      
(UNBAN)        Chance         Fri May 21 17:08:19 1999      
(ADD)          Chance         Fri May 21 17:08:19 1999      
(EJECT)        Chance         Fri May 21 17:44:19 1999      
(REMOVE)       Chance         Fri May 21 17:44:19 1999      
(BANN)         Chance         Fri May 21 17:44:19 1999      
(UNBAN)        Chance         Fri May 21 17:44:51 1999      
(ADD)          Chance         Fri May 21 17:44:51 1999      
(ADD)          Marcus         Sun May 23 02:47:59 1999      
(ADD)          Cattt          Tue May 25 17:43:44 1999      
(ADD)          Cattt          Wed May 26 17:58:07 1999      
(ADD)          Spooner        Thu May 27 13:43:04 1999      
(EJECT)        Marcus         Thu May 27 13:52:08 1999      
(BANN)         Marcus         Thu May 27 13:52:08 1999      
(UNBAN)        Marcus         Thu May 27 13:52:28 1999      
(ADD)          Marcus         Thu May 27 13:52:28 1999      
(ADD)          Spooner        Thu May 27 17:34:31 1999      
(ADD)          Cattt          Wed Jun  2 16:26:41 1999      
(ADD)          Cattt          Wed Jun  2 17:59:38 1999      
(ADD)          Cattt          Wed Jun  2 22:31:35 1999      
(ADD)          Spooner        Thu Jun  3 15:39:29 1999      
(ADD)          Spooner        Fri Jun  4 16:20:57 1999      
(ADD)          Gasman         Fri Jun  4 17:43:29 1999      
(EJECT)        Spooner        Fri Jun  4 18:38:53 1999      
(BANN)         Spooner        Fri Jun  4 18:38:53 1999      
(ADD)          Spooner        Fri Jun  4 18:59:48 1999      
(ADD)          Spooner        Mon Jun  7 16:18:21 1999      
(ADD)          Blez           Mon Jun  7 18:21:35 1999      
(ADD)          Ellie          Mon Jun  7 18:29:45 1999      
(ADD)          Gasman         Tue Jun  8 13:50:23 1999      
(ADD)          Dyrin          Tue Jun  8 15:34:15 1999      
(ADD)          Dyrin          Tue Jun  8 21:01:25 1999      
(EJECT)        Dyrin          Tue Jun  8 21:15:09 1999      
(REMOVE)       Dyrin          Tue Jun  8 21:15:09 1999      
(BANN)         Dyrin          Tue Jun  8 21:15:09 1999      
(ADD)          Cattt          Wed Jun  9 15:18:50 1999      
(EJECT)        Cattt          Wed Jun  9 15:23:46 1999      
(REMOVE)       Cattt          Wed Jun  9 15:23:46 1999      
(BANN)         Cattt          Wed Jun  9 15:23:46 1999      
(ADD)          Blood          Wed Jun  9 16:13:02 1999      
(ADD)          Ariana         Wed Jun  9 17:09:16 1999      
(ADD)          Nightmask      Wed Jun  9 18:03:50 1999      
(ADD)          Nightmask      Wed Jun  9 18:03:58 1999      
(ADD)          Tora           Wed Jun  9 18:29:47 1999      
(ADD)          Ariana         Wed Jun  9 18:31:19 1999      
(ADD)          Gasman         Wed Jun  9 20:19:38 1999      
(ADD)          Cattt          Thu Jun 10 14:13:21 1999      
(ADD)          Blood          Thu Jun 10 15:05:11 1999      
(ADD)          Nightmask      Thu Jun 10 15:16:27 1999      
(ADD)          Tyran          Thu Jun 10 15:36:17 1999      
(ADD)          Blood          Thu Jun 10 20:12:00 1999      
(ADD)          Sith           Fri Jun 11 15:58:46 1999      
(ADD)          Caledor        Fri Jun 11 20:31:46 1999      
(ADD)          Calewiz        Fri Jun 11 20:42:08 1999      
(ADD)          Nightmask      Mon Jun 14 13:11:32 1999      
(ADD)          Blood to blood Cmon inMon Jun 14 15:44:24 1999      
(ADD)          Brienn         Tue Jun 15 22:58:03 1999      
(ADD)          Brienn         Mon Jun 21 02:24:11 1999      
(ADD)          Cattt          Wed Jun 23 03:16:45 1999      
(ADD)          Nightmask      Thu Jun 24 03:37:00 1999      
(ADD)          Penumbra       Mon Jun 28 03:58:29 1999      
(ADD)          Nucleus        Mon Jun 28 05:20:29 1999      
(ADD)          Cyanide        Tue Jul 13 22:56:50 1999      
(ADD)          Shock          Sat Jul 31 18:15:16 1999      
(ADD)          Siona          Mon Aug  9 02:54:28 1999      
(ADD)          Abyss          Tue Aug 17 22:17:52 1999      
(SCREENED)     Abyss          Tue Aug 17 22:17:52 1999      
(SCREENED)     Abyss          Tue Aug 17 23:15:36 1999      
(ADD)          Pixel          Wed Aug 18 00:30:02 1999      
(SCREENED)     Abyss          Wed Aug 18 00:42:00 1999      
(ADD)          Elfboy         Thu Aug 19 00:42:28 1999      
(SCREENED)     Elfboy         Thu Aug 19 00:49:14 1999      
(ADD)          Warpigs        Thu Aug 19 00:49:22 1999      
(ADD)          Jangular       Sun Aug 22 04:00:14 1999      
(ADD)          Fleshcraft     Sun Aug 29 12:43:41 1999      
(ADD)          Fleshcraft     Sun Aug 29 15:53:43 1999      
(ADD)          Mystic         Wed Sep  1 22:19:13 1999      
(ADD)          Blood          Thu Sep  9 23:32:00 1999      
(EJECT)        Spooner        Fri Sep 17 17:15:02 1999      
(REMOVE)       Spooner        Fri Sep 17 17:15:02 1999      
(BANN)         Spooner        Fri Sep 17 17:15:02 1999      
(UNBAN)        Spooner        Mon Sep 20 11:24:29 1999      
(ADD)          Spooner        Mon Sep 20 11:24:29 1999      
(ADD)          Denizen        Mon Sep 20 11:40:19 1999      
(ADD)          Cattt          Mon Sep 20 11:45:55 1999      
(ADD)          Cattt          Mon Sep 20 12:53:06 1999      
(ADD)          Dalceon        Wed Sep 22 15:44:01 1999      
(ADD)          Spooner        Wed Oct 27 18:05:21 1999      
(ADD)          Roadrunner     Wed Oct 27 18:26:17 1999      
(SCREENED)     Roadrunner     Wed Oct 27 18:26:19 1999      
(ADD)          Blood          Tue Dec 21 23:45:37 1999      
(ADD)          Nsd            Wed Dec 22 01:39:57 1999      
(ADD)          Hoss           Wed Dec 22 01:51:09 1999      
(EJECT)        Blood          Wed Dec 22 02:03:37 1999      
(REMOVE)       Blood          Wed Dec 22 02:03:37 1999      
(BANN)         Blood          Wed Dec 22 02:03:37 1999      
(UNBAN)        Blood          Wed Dec 22 02:04:01 1999      
(ADD)          Blood          Wed Dec 22 02:04:01 1999      
(ADD)          Dyrin          Wed Dec 22 15:25:29 1999      
(ADD)          Darkangel      Wed Dec 22 15:25:31 1999      
(ADD)          Dyrin          Wed Dec 22 16:55:21 1999      
(ADD)          Darkangel      Wed Dec 22 17:02:33 1999      
(ADD)          Nemar          Mon Dec 27 15:36:46 1999      
(EJECT)        Nemar          Mon Dec 27 15:37:36 1999      
(REMOVE)       Nemar          Mon Dec 27 15:37:36 1999      
(BANN)         Nemar          Mon Dec 27 15:37:36 1999      
(ADD)          Penumbra       Tue Dec 28 19:09:00 1999      
(ADD)          Spooner        Mon Jan  3 17:41:09 2000      
(ADD)          Xeno           Mon Jan  3 17:45:53 2000      
(BANN)         Cyanide        Wed Jan  5 05:24:45 2000      
(UNBAN)        Cyanide        Wed Jan  5 05:24:57 2000      
(BANN)         Penumbra       Wed Jan  5 05:59:03 2000      
(UNBAN)        Penumbra       Wed Jan  5 06:03:49 2000      
(ADD)          Penumbra       Wed Jan  5 06:03:49 2000      
(REMOVE)       Spooner        Wed Jan  5 16:39:23 2000      
(BANN)         Spooner        Wed Jan  5 16:39:23 2000      
(ADD)          Blood          Wed Jan  5 22:21:58 2000      
(ADD)          Blood          Sun Jan 16 01:52:00 2000      
(ADD)          Blood          Sun Jan 16 02:01:34 2000      
(ADD)          Blah           Sun Jan 16 02:01:56 2000      
(ADD)          Blah           Sun Jan 16 02:06:58 2000      
(ADD)          Valkyrie       Sun Jan 16 02:07:20 2000      
(ADD)          Blah           Sun Jan 16 04:57:55 2000      
(ADD)          Valkyrie       Mon Jan 17 06:13:13 2000      
(UNBAN)        Ciao           Mon Jan 17 06:13:31 2000      
(ADD)          Ciao           Mon Jan 17 06:13:31 2000      
(UNBAN)        Ciao           Mon Jan 17 06:21:29 2000      
(ADD)          Ciao           Mon Jan 17 06:21:29 2000      
(ADD)          Cia            Mon Jan 17 07:04:05 2000      
(UNBAN)        Ciao           Mon Jan 17 07:21:04 2000      
(ADD)          Ciao           Mon Jan 17 07:21:04 2000      
(ADD)          Blood          Wed Jan 19 17:08:11 2000      
(ADD)          Valkyrie       Wed Jan 19 18:58:41 2000      
(REMOVE)       Valkyrie       Thu Jan 20 18:16:53 2000      
(ADD)          Jyd            Sat Jan 22 14:53:03 2000      
(ADD)          Dalceon        Mon Jan 24 12:45:12 2000      
(ADD)          Blood          Mon Jan 24 12:53:06 2000      
(ADD)          Dalceon        Mon Jan 24 13:08:20 2000      
(ADD)          Blood          Mon Jan 24 13:08:34 2000      
(ADD)          Blood          Tue Jan 25 09:11:48 2000      
(ADD)          Wish           Tue Jan 25 11:35:24 2000      
(ADD)          Blood          Tue Jan 25 11:38:12 2000      
(ADD)          Nsd            Tue Jan 25 13:03:11 2000      
(ADD)          Dreams         Tue Jan 25 13:12:33 2000      
(ADD)          Spooner        Thu Jan 27 17:21:18 2000      
(ADD)          Blood          Fri Jan 28 18:10:32 2000      
(ADD)          Valkyrie       Fri Jan 28 18:18:28 2000      
(NOACCESS)     Romeo          Fri Jan 28 18:22:34 2000      
(ADD)          Blood          Fri Jan 28 20:26:15 2000      
(ADD)          Nsd            Fri Jan 28 20:51:33 2000      
(ADD)          Dreams         Fri Jan 28 20:56:27 2000      
(ADD)          Nsd            Mon Jan 31 00:55:17 2000      
(ADD)          Penumbra       Tue Feb  1 05:03:02 2000      
(ADD)          Blood          Thu Feb  3 13:23:12 2000      
(ADD)          Chronos        Thu Feb  3 13:34:51 2000      
(ADD)          Blood          Fri Feb  4 12:41:07 2000      
(ADD)          Blood          Sun Feb  6 00:14:06 2000      
(ADD)          Cataclysm      Sun Feb  6 02:17:26 2000      
(ADD)          Blood          Sun Feb  6 14:11:03 2000      
(ADD)          Damascus       Sun Feb  6 17:48:01 2000      
(ADD)          Ragevortex     Mon Feb  7 22:41:18 2000      
(ADD)          Abyss          Mon Feb  7 22:51:23 2000      
(ADD)          Cataclysm      Mon Feb  7 23:29:35 2000      
(ADD)          Nsd            Tue Feb  8 18:15:00 2000      
(ADD)          Abyss          Thu Feb 10 18:26:40 2000      
(SCREENED)     Abyss          Thu Feb 10 18:26:40 2000      
(ADD)          Nsd            Thu Feb 10 22:42:06 2000      
(ADD)          Penumbra       Fri Feb 11 00:47:36 2000      
(ADD)          Cataclysm      Sun Feb 13 17:29:06 2000      
(ADD)          Blood          Sun Feb 20 16:34:15 2000      
(ADD)          Spooner        Wed Feb 23 17:50:06 2000      
(ADD)          Nightmask      Sun Feb 27 14:36:30 2000      
(ADD)          Penumbra       Sun Feb 27 15:10:14 2000      
(ADD)          Hoss           Sun Feb 27 15:10:34 2000      
(ADD)          Chupacabra     Sun Feb 27 21:57:00 2000      
(ADD)          Cataclysm      Mon Feb 28 15:50:00 2000      
(ADD)          Damascus       Thu Mar  2 23:57:20 2000      
(ADD)          Reverend       Sun Mar  5 18:07:49 2000      
(ADD)          Blood          Sun Mar  5 22:25:37 2000      
(ADD)          Nightmask      Wed Mar 15 23:09:41 2000      
(ADD)          Nightmask      Thu Mar 16 16:32:37 2000      
(ADD)          Blood          Sun Mar 19 20:11:54 2000      
(ADD)          Testblah       Tue Mar 21 21:33:08 2000      
(ADD)          Testblah       Tue Mar 21 21:33:08 2000      
(ADD)          Nightmask      Wed Mar 22 00:55:36 2000      
(ADD)          Abyss          Wed Mar 29 18:40:50 2000      
(EJECT)        Abyss          Wed Mar 29 18:42:22 2000      
(REMOVE)       Abyss          Wed Mar 29 18:42:22 2000      
(BANN)         Abyss          Wed Mar 29 18:42:22 2000      
(ADD)          Spooner        Wed Mar 29 18:44:54 2000      
(EJECT)        Spooner        Wed Mar 29 19:17:23 2000      
(REMOVE)       Spooner        Wed Mar 29 19:17:23 2000      
(BANN)         Spooner        Wed Mar 29 19:17:23 2000      
(ADD)          Phantom        Fri Mar 31 16:32:00 2000      
(ADD)          Nsd            Fri Mar 31 16:37:43 2000      
(ADD)          Blood          Fri Mar 31 16:41:23 2000      
(ADD)          Prickboy       Sun Apr  2 18:03:41 2000      
(ADD)          Nsd            Sun Apr  2 18:13:55 2000      
(ADD)          Abyss          Mon Apr  3 14:49:12 2000      
(ADD)          Blood          Mon Apr  3 16:48:55 2000      
(ADD)          Bomber         Tue Apr  4 12:54:15 2000      
(ADD)          Abyss          Tue Apr  4 15:12:35 2000      
(ADD)          Damascus       Tue Apr  4 19:08:17 2000      
(ADD)          Spooner        Thu Apr  6 03:06:25 2000      
(ADD)          Damascus       Thu Apr  6 17:18:04 2000      
(ADD)          Abyss          Thu Apr  6 18:23:12 2000      
(EJECT)        Abyss          Thu Apr  6 18:25:13 2000      
(REMOVE)       Abyss          Thu Apr  6 18:25:13 2000      
(BANN)         Abyss          Thu Apr  6 18:25:13 2000      
(ADD)          Loucorn        Thu Apr  6 18:30:31 2000      
(EJECT)        Loucorn        Thu Apr  6 18:31:21 2000      
(REMOVE)       Loucorn        Thu Apr  6 18:31:21 2000      
(BANN)         Loucorn        Thu Apr  6 18:31:21 2000      
(ADD)          Darque         Tue Apr 11 19:26:08 2000      
(ADD)          Ashdraven      Tue Apr 11 19:42:12 2000      
(ADD)          Loucorne       Thu Apr 20 16:41:33 2000      
(ADD)          Nightmask      Mon Apr 24 17:05:41 2000      
(ADD)          Nightmask      Mon Apr 24 17:06:05 2000      
(ADD)          Nsd            Fri Apr 28 18:03:36 2000      
(ADD)          Kwalijan       Fri May  5 14:24:51 2000      
(ADD)          Nightmask      Sun May 21 14:52:04 2000      
(ADD)          Elise          Sun May 28 18:51:55 2000      
(ADD)          Sophia         Sun May 28 18:52:09 2000      
(ADD)          Elise          Fri Jun  2 15:29:20 2000      
(EJECT)        Elise          Fri Jun  2 15:31:24 2000      
(REMOVE)       Elise          Fri Jun  2 15:31:24 2000      
(BANN)         Elise          Fri Jun  2 15:31:24 2000      
(ADD)          Herself        Mon Jun  5 08:50:20 2000      
(UNBAN)        Elise          Mon Jun  5 14:18:57 2000      
(ADD)          Boywonder      Wed Jun  7 14:12:46 2000      
(EJECT)        Boywonder      Wed Jun  7 14:15:52 2000      
(REMOVE)       Boywonder      Wed Jun  7 14:15:52 2000      
(BANN)         Boywonder      Wed Jun  7 14:15:52 2000      
(ADD)          Nsd            Sat Jun 17 01:21:03 2000      
(ADD)          Bomber         Wed Jun 21 15:23:15 2000      
(ADD)          Enzyme         Wed Jun 21 15:29:48 2000      
(ADD)          Shallar        Thu Jun 29 12:02:03 2000      
(ADD)          Nsd            Thu Jul 20 13:35:28 2000      
(ADD)          Penumbra       Thu Jul 20 13:38:56 2000      
(ADD)          Shya           Tue Jul 25 19:22:55 2000      
(ADD)          Nsd            Mon Jul 31 11:13:29 2000      
(ADD)          Herself        Mon Aug  7 21:32:36 2000      
(ADD)          Shya           Mon Aug  7 21:32:40 2000      
