(NOACCESS)     Draconis       Fri Jan 23 15:18:47 1998      
(ADD)          Cattt          Sat Jan 31 11:12:19 1998      
(ADD)          Cyanide        Sat Jan 31 11:12:23 1998      
(ADD)          Dilligaf       Sat Jan 31 11:12:45 1998      
(NOACCESS)     Jeppo          Sat Jan 31 11:25:27 1998      
(ADD)          Jeppo          Sat Jan 31 11:25:35 1998      
(NOACCESS)     Aframbaf       Sat Jan 31 11:25:57 1998      
(ADD)          Aframbaf       Sat Jan 31 11:26:07 1998      
(EJECT)        Aframbaf       Sat Jan 31 11:44:14 1998      
(REMOVE)       Aframbaf       Sat Jan 31 11:44:14 1998      
(BANN)         Aframbaf       Sat Jan 31 11:44:14 1998      
(NOACCESS)     Aframbaf       Sat Jan 31 11:44:30 1998      
(UNBAN)        Aframbaf       Sat Jan 31 11:46:20 1998      
(ADD)          Aframbaf       Sat Jan 31 11:46:20 1998      
(SECURITY)     Cyanide        Sat Jan 31 12:02:46 1998      guest list
(EJECT)        Aframbaf       Sat Jan 31 12:02:50 1998      
(REMOVE)       Aframbaf       Sat Jan 31 12:02:50 1998      
(BANN)         Aframbaf       Sat Jan 31 12:02:50 1998      
(NOACCESS)     Aframbaf       Sat Jan 31 12:03:04 1998      
(NOACCESS)     Aframbaf       Sat Jan 31 12:03:26 1998      
(NOACCESS)     Aframbaf       Sat Jan 31 12:03:54 1998      
(NOACCESS)     Aframbaf       Sat Jan 31 12:04:00 1998      
(NOACCESS)     Aframbaf       Sat Jan 31 12:04:02 1998      
(UNBAN)        Aframbaf       Sat Jan 31 12:04:14 1998      
(ADD)          Aframbaf       Sat Jan 31 12:04:14 1998      
(NOACCESS)     Khaos          Sat Jan 31 13:30:43 1998      
(ADD)          Khaos          Sat Jan 31 13:31:01 1998      
(ADD)          Shana          Sat Jan 31 13:41:03 1998      
(ADD)          Draconis       Sat Jan 31 13:44:49 1998      
(ADD)          Minx           Sat Jan 31 13:44:51 1998      
(ADD)          Nightmask      Sat Jan 31 13:44:59 1998      
(EJECT)        Cattt          Sat Jan 31 13:49:57 1998      
(REMOVE)       Cattt          Sat Jan 31 13:49:57 1998      
(BANN)         Cattt          Sat Jan 31 13:49:57 1998      
(UNBAN)        Cattt          Sat Jan 31 13:50:05 1998      
(ADD)          Cattt          Sat Jan 31 13:50:05 1998      
(NOACCESS)     Vox            Sat Jan 31 17:52:08 1998      
(ADD)          Vox            Sat Jan 31 17:52:16 1998      
(ADD)          Pinkie         Sat Jan 31 17:54:04 1998      
(NOACCESS)     Severian       Sun Feb  1 14:29:49 1998      
(NOACCESS)     Severian       Sun Feb  1 14:30:19 1998      
(ADD)          Severian       Sun Feb  1 14:30:25 1998      
(NOACCESS)     Delila         Sun Feb  1 15:08:34 1998      
(ADD)          Delila         Sun Feb  1 15:08:38 1998      
(ADD)          Kiley          Sun Feb  1 15:27:11 1998      
(ADD)          Tombstone      Sun Feb  1 16:25:35 1998      
(NOACCESS)     Knightmare     Sun Feb  1 18:45:37 1998      
(ADD)          Knightmare     Sun Feb  1 18:45:43 1998      
